<?xml version="1.0" encoding="UTF-8"?>
<testng-results skipped="0" failed="0" total="1" passed="1">
  <reporter-output>
  </reporter-output>
  <suite name="Default suite" duration-ms="1170" started-at="2019-12-24T06:09:27Z" finished-at="2019-12-24T06:09:29Z">
    <groups>
    </groups>
    <test name="Default test" duration-ms="1170" started-at="2019-12-24T06:09:27Z" finished-at="2019-12-24T06:09:29Z">
      <class name="testng.ExcelFileWrite">
        <test-method status="PASS" signature="excel()[pri:0, instance:testng.ExcelFileWrite@2ef5e5e3]" name="excel" duration-ms="1144" started-at="2019-12-24T11:39:27Z" finished-at="2019-12-24T11:39:29Z">
          <reporter-output>
          </reporter-output>
        </test-method> <!-- excel -->
      </class> <!-- testng.ExcelFileWrite -->
    </test> <!-- Default test -->
  </suite> <!-- Default suite -->
</testng-results>
